<?xml version="1.0" encoding="UTF-8"?>
<testsuite name="io.antrex.udemy.vertx_stock_brocker.quotes.TestQuotesRestApi" tests="2" skipped="0" failures="0" errors="0" timestamp="2021-08-14T16:05:05" hostname="antrexs-hp-probook" time="1.063">
  <properties/>
  <testcase name="return_not_found(Vertx, VertxTestContext)" classname="io.antrex.udemy.vertx_stock_brocker.quotes.TestQuotesRestApi" time="0.471"/>
  <testcase name="return_quotes(Vertx, VertxTestContext)" classname="io.antrex.udemy.vertx_stock_brocker.quotes.TestQuotesRestApi" time="0.59"/>
  <system-out><![CDATA[?[33m21:05:05.528?[0;39m ?[31mWARN?[0;39m ?[32m[Test worker]?[0;39m ?[36mi.a.udemy.vertx_stock_brocker.AbstractRestApiTest?[0;39m - Tests are using local database !!!
?[33m21:05:05.530?[0;39m ?[39mDEBUG?[0;39m ?[32m[vert.x-eventloop-thread-1]?[0;39m ?[36mi.a.udemy.vertx_stock_brocker.config.ConfigLoader?[0;39m - Fetch configuration for ["SERVER_PORT","DB_HOST","DB_PORT","DB_DATABASE","DB_USER","DB_PASSWORD"]
?[33m21:05:05.543?[0;39m ?[34mINFO?[0;39m ?[32m[vert.x-eventloop-thread-1]?[0;39m ?[36mi.a.udemy.vertx_stock_brocker.VersionInfoVerticle?[0;39m - Current Application Version is: 1.0
?[33m21:05:05.543?[0;39m ?[34mINFO?[0;39m ?[32m[vert.x-eventloop-thread-0]?[0;39m ?[36mio.antrex.udemy.vertx_stock_brocker.MainVerticle?[0;39m - Deployed VersionInfoVerticle with id 5d2ed2d7-5aaf-447c-b327-9870c07a02e2
?[33m21:05:05.544?[0;39m ?[39mDEBUG?[0;39m ?[32m[vert.x-eventloop-thread-0]?[0;39m ?[36mi.a.udemy.vertx_stock_brocker.config.ConfigLoader?[0;39m - Fetch configuration for ["SERVER_PORT","DB_HOST","DB_PORT","DB_DATABASE","DB_USER","DB_PASSWORD"]
?[33m21:05:05.557?[0;39m ?[39mDEBUG?[0;39m ?[32m[vert.x-eventloop-thread-0]?[0;39m ?[36mio.antrex.udemy.vertx_stock_brocker.MainVerticle?[0;39m - DB Config: DbConfig{host='localhost', port=5432, database='vertx-stock-broker', user='postgres', password=*****'}
?[33m21:05:05.558?[0;39m ?[39mDEBUG?[0;39m ?[32m[vert.x-worker-thread-1]?[0;39m ?[36mio.antrex.udemy.vertx_stock_brocker.MainVerticle?[0;39m - Migrating DB schema using jdbc url: jdbc:postgresql://localhost:5432/vertx-stock-broker
?[33m21:05:05.584?[0;39m ?[34mINFO?[0;39m ?[32m[vert.x-worker-thread-1]?[0;39m ?[36morg.flywaydb.core.internal.license.VersionPrinter?[0;39m - Flyway Community Edition 7.13.0 by Redgate
?[33m21:05:05.588?[0;39m ?[34mINFO?[0;39m ?[32m[vert.x-worker-thread-1]?[0;39m ?[36mo.f.core.internal.database.base.BaseDatabaseType?[0;39m - Database: jdbc:postgresql://localhost:5432/vertx-stock-broker (PostgreSQL 13.1)
?[33m21:05:05.627?[0;39m ?[34mINFO?[0;39m ?[32m[vert.x-worker-thread-1]?[0;39m ?[36mio.antrex.udemy.vertx_stock_brocker.MainVerticle?[0;39m - db schema is at version: 0.1
?[33m21:05:05.644?[0;39m ?[34mINFO?[0;39m ?[32m[vert.x-worker-thread-1]?[0;39m ?[36morg.flywaydb.core.internal.license.VersionPrinter?[0;39m - Flyway Community Edition 7.13.0 by Redgate
?[33m21:05:05.682?[0;39m ?[39mDEBUG?[0;39m ?[32m[vert.x-worker-thread-1]?[0;39m ?[36mio.antrex.udemy.vertx_stock_brocker.MainVerticle?[0;39m - Pending migrations are: []
?[33m21:05:05.701?[0;39m ?[34mINFO?[0;39m ?[32m[vert.x-worker-thread-1]?[0;39m ?[36morg.flywaydb.core.internal.license.VersionPrinter?[0;39m - Flyway Community Edition 7.13.0 by Redgate
?[33m21:05:05.737?[0;39m ?[34mINFO?[0;39m ?[32m[vert.x-worker-thread-1]?[0;39m ?[36morg.flywaydb.core.internal.command.DbValidate?[0;39m - Successfully validated 2 migrations (execution time 00:00.016s)
?[33m21:05:05.750?[0;39m ?[34mINFO?[0;39m ?[32m[vert.x-worker-thread-1]?[0;39m ?[36morg.flywaydb.core.internal.command.DbMigrate?[0;39m - Current version of schema "broker": 0.1
?[33m21:05:05.752?[0;39m ?[34mINFO?[0;39m ?[32m[vert.x-worker-thread-1]?[0;39m ?[36morg.flywaydb.core.internal.command.DbMigrate?[0;39m - Schema "broker" is up to date. No migration necessary.
?[33m21:05:05.758?[0;39m ?[34mINFO?[0;39m ?[32m[vert.x-eventloop-thread-0]?[0;39m ?[36mio.antrex.udemy.vertx_stock_brocker.MainVerticle?[0;39m - Migrated db schema to latest version!
?[33m21:05:05.770?[0;39m ?[39mDEBUG?[0;39m ?[32m[vert.x-eventloop-thread-2]?[0;39m ?[36mi.a.udemy.vertx_stock_brocker.config.ConfigLoader?[0;39m - Fetch configuration for ["SERVER_PORT","DB_HOST","DB_PORT","DB_DATABASE","DB_USER","DB_PASSWORD"]
?[33m21:05:05.781?[0;39m ?[39mDEBUG?[0;39m ?[32m[vert.x-eventloop-thread-3]?[0;39m ?[36mi.a.udemy.vertx_stock_brocker.config.ConfigLoader?[0;39m - Fetch configuration for ["SERVER_PORT","DB_HOST","DB_PORT","DB_DATABASE","DB_USER","DB_PASSWORD"]
?[33m21:05:05.790?[0;39m ?[39mDEBUG?[0;39m ?[32m[vert.x-eventloop-thread-4]?[0;39m ?[36mi.a.udemy.vertx_stock_brocker.config.ConfigLoader?[0;39m - Fetch configuration for ["SERVER_PORT","DB_HOST","DB_PORT","DB_DATABASE","DB_USER","DB_PASSWORD"]
?[33m21:05:05.796?[0;39m ?[39mDEBUG?[0;39m ?[32m[vert.x-eventloop-thread-5]?[0;39m ?[36mi.a.udemy.vertx_stock_brocker.config.ConfigLoader?[0;39m - Fetch configuration for ["SERVER_PORT","DB_HOST","DB_PORT","DB_DATABASE","DB_USER","DB_PASSWORD"]
?[33m21:05:05.853?[0;39m ?[34mINFO?[0;39m ?[32m[vert.x-eventloop-thread-3]?[0;39m ?[36mi.antrex.udemy.vertx_stock_brocker.RestApiVerticle?[0;39m - Retrieved configuration: BrokerConfig(serverPort=9000, version=1.0, dbConfig=DbConfig{host='localhost', port=5432, database='vertx-stock-broker', user='postgres', password=*****'})
?[33m21:05:05.866?[0;39m ?[34mINFO?[0;39m ?[32m[vert.x-eventloop-thread-4]?[0;39m ?[36mi.antrex.udemy.vertx_stock_brocker.RestApiVerticle?[0;39m - Retrieved configuration: BrokerConfig(serverPort=9000, version=1.0, dbConfig=DbConfig{host='localhost', port=5432, database='vertx-stock-broker', user='postgres', password=*****'})
?[33m21:05:05.866?[0;39m ?[34mINFO?[0;39m ?[32m[vert.x-eventloop-thread-2]?[0;39m ?[36mi.antrex.udemy.vertx_stock_brocker.RestApiVerticle?[0;39m - Retrieved configuration: BrokerConfig(serverPort=9000, version=1.0, dbConfig=DbConfig{host='localhost', port=5432, database='vertx-stock-broker', user='postgres', password=*****'})
?[33m21:05:05.882?[0;39m ?[34mINFO?[0;39m ?[32m[vert.x-eventloop-thread-3]?[0;39m ?[36mi.antrex.udemy.vertx_stock_brocker.RestApiVerticle?[0;39m - HTTP server started on port 9000
?[33m21:05:05.886?[0;39m ?[34mINFO?[0;39m ?[32m[vert.x-eventloop-thread-5]?[0;39m ?[36mi.antrex.udemy.vertx_stock_brocker.RestApiVerticle?[0;39m - Retrieved configuration: BrokerConfig(serverPort=9000, version=1.0, dbConfig=DbConfig{host='localhost', port=5432, database='vertx-stock-broker', user='postgres', password=*****'})
?[33m21:05:05.892?[0;39m ?[34mINFO?[0;39m ?[32m[vert.x-eventloop-thread-5]?[0;39m ?[36mi.antrex.udemy.vertx_stock_brocker.RestApiVerticle?[0;39m - HTTP server started on port 9000
?[33m21:05:05.892?[0;39m ?[34mINFO?[0;39m ?[32m[vert.x-eventloop-thread-4]?[0;39m ?[36mi.antrex.udemy.vertx_stock_brocker.RestApiVerticle?[0;39m - HTTP server started on port 9000
?[33m21:05:05.892?[0;39m ?[34mINFO?[0;39m ?[32m[vert.x-eventloop-thread-2]?[0;39m ?[36mi.antrex.udemy.vertx_stock_brocker.RestApiVerticle?[0;39m - HTTP server started on port 9000
?[33m21:05:05.893?[0;39m ?[34mINFO?[0;39m ?[32m[vert.x-eventloop-thread-0]?[0;39m ?[36mio.antrex.udemy.vertx_stock_brocker.MainVerticle?[0;39m - Deployed RestApiVerticle with id a3def816-7c07-4cf8-a1bc-f338638467ff
?[33m21:05:05.912?[0;39m ?[34mINFO?[0;39m ?[32m[vert.x-eventloop-thread-3]?[0;39m ?[36mi.a.u.vertx_stock_brocker.quotes.GetQuoteHandler?[0;39m - Quotes context: /quotes/aa
?[33m21:05:05.921?[0;39m ?[34mINFO?[0;39m ?[32m[vert.x-eventloop-thread-6]?[0;39m ?[36mi.a.u.vertx_stock_brocker.quotes.TestQuotesRestApi?[0;39m - Response {"message":"quote for asset aa not available","path":"/quotes/aa"}
?[33m21:05:05.996?[0;39m ?[31mWARN?[0;39m ?[32m[Test worker]?[0;39m ?[36mi.a.udemy.vertx_stock_brocker.AbstractRestApiTest?[0;39m - Tests are using local database !!!
?[33m21:05:06.019?[0;39m ?[39mDEBUG?[0;39m ?[32m[vert.x-eventloop-thread-1]?[0;39m ?[36mi.a.udemy.vertx_stock_brocker.config.ConfigLoader?[0;39m - Fetch configuration for ["SERVER_PORT","DB_HOST","DB_PORT","DB_DATABASE","DB_USER","DB_PASSWORD"]
?[33m21:05:06.071?[0;39m ?[34mINFO?[0;39m ?[32m[vert.x-eventloop-thread-1]?[0;39m ?[36mi.a.udemy.vertx_stock_brocker.VersionInfoVerticle?[0;39m - Current Application Version is: 1.0
?[33m21:05:06.076?[0;39m ?[34mINFO?[0;39m ?[32m[vert.x-eventloop-thread-0]?[0;39m ?[36mio.antrex.udemy.vertx_stock_brocker.MainVerticle?[0;39m - Deployed VersionInfoVerticle with id f973e485-c0e0-4ef2-b732-730abd4f1453
?[33m21:05:06.077?[0;39m ?[39mDEBUG?[0;39m ?[32m[vert.x-eventloop-thread-0]?[0;39m ?[36mi.a.udemy.vertx_stock_brocker.config.ConfigLoader?[0;39m - Fetch configuration for ["SERVER_PORT","DB_HOST","DB_PORT","DB_DATABASE","DB_USER","DB_PASSWORD"]
?[33m21:05:06.141?[0;39m ?[39mDEBUG?[0;39m ?[32m[vert.x-eventloop-thread-0]?[0;39m ?[36mio.antrex.udemy.vertx_stock_brocker.MainVerticle?[0;39m - DB Config: DbConfig{host='localhost', port=5432, database='vertx-stock-broker', user='postgres', password=*****'}
?[33m21:05:06.143?[0;39m ?[39mDEBUG?[0;39m ?[32m[vert.x-worker-thread-1]?[0;39m ?[36mio.antrex.udemy.vertx_stock_brocker.MainVerticle?[0;39m - Migrating DB schema using jdbc url: jdbc:postgresql://localhost:5432/vertx-stock-broker
?[33m21:05:06.188?[0;39m ?[34mINFO?[0;39m ?[32m[vert.x-worker-thread-1]?[0;39m ?[36morg.flywaydb.core.internal.license.VersionPrinter?[0;39m - Flyway Community Edition 7.13.0 by Redgate
?[33m21:05:06.189?[0;39m ?[34mINFO?[0;39m ?[32m[vert.x-worker-thread-1]?[0;39m ?[36mo.f.core.internal.database.base.BaseDatabaseType?[0;39m - Database: jdbc:postgresql://localhost:5432/vertx-stock-broker (PostgreSQL 13.1)
?[33m21:05:06.243?[0;39m ?[34mINFO?[0;39m ?[32m[vert.x-worker-thread-1]?[0;39m ?[36mio.antrex.udemy.vertx_stock_brocker.MainVerticle?[0;39m - db schema is at version: 0.1
?[33m21:05:06.262?[0;39m ?[34mINFO?[0;39m ?[32m[vert.x-worker-thread-1]?[0;39m ?[36morg.flywaydb.core.internal.license.VersionPrinter?[0;39m - Flyway Community Edition 7.13.0 by Redgate
?[33m21:05:06.297?[0;39m ?[39mDEBUG?[0;39m ?[32m[vert.x-worker-thread-1]?[0;39m ?[36mio.antrex.udemy.vertx_stock_brocker.MainVerticle?[0;39m - Pending migrations are: []
?[33m21:05:06.317?[0;39m ?[34mINFO?[0;39m ?[32m[vert.x-worker-thread-1]?[0;39m ?[36morg.flywaydb.core.internal.license.VersionPrinter?[0;39m - Flyway Community Edition 7.13.0 by Redgate
?[33m21:05:06.356?[0;39m ?[34mINFO?[0;39m ?[32m[vert.x-worker-thread-1]?[0;39m ?[36morg.flywaydb.core.internal.command.DbValidate?[0;39m - Successfully validated 2 migrations (execution time 00:00.026s)
?[33m21:05:06.365?[0;39m ?[34mINFO?[0;39m ?[32m[vert.x-worker-thread-1]?[0;39m ?[36morg.flywaydb.core.internal.command.DbMigrate?[0;39m - Current version of schema "broker": 0.1
?[33m21:05:06.367?[0;39m ?[34mINFO?[0;39m ?[32m[vert.x-worker-thread-1]?[0;39m ?[36morg.flywaydb.core.internal.command.DbMigrate?[0;39m - Schema "broker" is up to date. No migration necessary.
?[33m21:05:06.371?[0;39m ?[34mINFO?[0;39m ?[32m[vert.x-eventloop-thread-0]?[0;39m ?[36mio.antrex.udemy.vertx_stock_brocker.MainVerticle?[0;39m - Migrated db schema to latest version!
?[33m21:05:06.374?[0;39m ?[39mDEBUG?[0;39m ?[32m[vert.x-eventloop-thread-2]?[0;39m ?[36mi.a.udemy.vertx_stock_brocker.config.ConfigLoader?[0;39m - Fetch configuration for ["SERVER_PORT","DB_HOST","DB_PORT","DB_DATABASE","DB_USER","DB_PASSWORD"]
?[33m21:05:06.384?[0;39m ?[39mDEBUG?[0;39m ?[32m[vert.x-eventloop-thread-3]?[0;39m ?[36mi.a.udemy.vertx_stock_brocker.config.ConfigLoader?[0;39m - Fetch configuration for ["SERVER_PORT","DB_HOST","DB_PORT","DB_DATABASE","DB_USER","DB_PASSWORD"]
?[33m21:05:06.391?[0;39m ?[39mDEBUG?[0;39m ?[32m[vert.x-eventloop-thread-4]?[0;39m ?[36mi.a.udemy.vertx_stock_brocker.config.ConfigLoader?[0;39m - Fetch configuration for ["SERVER_PORT","DB_HOST","DB_PORT","DB_DATABASE","DB_USER","DB_PASSWORD"]
?[33m21:05:06.403?[0;39m ?[39mDEBUG?[0;39m ?[32m[vert.x-eventloop-thread-5]?[0;39m ?[36mi.a.udemy.vertx_stock_brocker.config.ConfigLoader?[0;39m - Fetch configuration for ["SERVER_PORT","DB_HOST","DB_PORT","DB_DATABASE","DB_USER","DB_PASSWORD"]
?[33m21:05:06.444?[0;39m ?[34mINFO?[0;39m ?[32m[vert.x-eventloop-thread-4]?[0;39m ?[36mi.antrex.udemy.vertx_stock_brocker.RestApiVerticle?[0;39m - Retrieved configuration: BrokerConfig(serverPort=9000, version=1.0, dbConfig=DbConfig{host='localhost', port=5432, database='vertx-stock-broker', user='postgres', password=*****'})
?[33m21:05:06.449?[0;39m ?[34mINFO?[0;39m ?[32m[vert.x-eventloop-thread-3]?[0;39m ?[36mi.antrex.udemy.vertx_stock_brocker.RestApiVerticle?[0;39m - Retrieved configuration: BrokerConfig(serverPort=9000, version=1.0, dbConfig=DbConfig{host='localhost', port=5432, database='vertx-stock-broker', user='postgres', password=*****'})
?[33m21:05:06.479?[0;39m ?[34mINFO?[0;39m ?[32m[vert.x-eventloop-thread-4]?[0;39m ?[36mi.antrex.udemy.vertx_stock_brocker.RestApiVerticle?[0;39m - HTTP server started on port 9000
?[33m21:05:06.479?[0;39m ?[34mINFO?[0;39m ?[32m[vert.x-eventloop-thread-5]?[0;39m ?[36mi.antrex.udemy.vertx_stock_brocker.RestApiVerticle?[0;39m - Retrieved configuration: BrokerConfig(serverPort=9000, version=1.0, dbConfig=DbConfig{host='localhost', port=5432, database='vertx-stock-broker', user='postgres', password=*****'})
?[33m21:05:06.479?[0;39m ?[34mINFO?[0;39m ?[32m[vert.x-eventloop-thread-3]?[0;39m ?[36mi.antrex.udemy.vertx_stock_brocker.RestApiVerticle?[0;39m - HTTP server started on port 9000
?[33m21:05:06.479?[0;39m ?[34mINFO?[0;39m ?[32m[vert.x-eventloop-thread-2]?[0;39m ?[36mi.antrex.udemy.vertx_stock_brocker.RestApiVerticle?[0;39m - Retrieved configuration: BrokerConfig(serverPort=9000, version=1.0, dbConfig=DbConfig{host='localhost', port=5432, database='vertx-stock-broker', user='postgres', password=*****'})
?[33m21:05:06.481?[0;39m ?[34mINFO?[0;39m ?[32m[vert.x-eventloop-thread-2]?[0;39m ?[36mi.antrex.udemy.vertx_stock_brocker.RestApiVerticle?[0;39m - HTTP server started on port 9000
?[33m21:05:06.483?[0;39m ?[34mINFO?[0;39m ?[32m[vert.x-eventloop-thread-5]?[0;39m ?[36mi.antrex.udemy.vertx_stock_brocker.RestApiVerticle?[0;39m - HTTP server started on port 9000
?[33m21:05:06.483?[0;39m ?[34mINFO?[0;39m ?[32m[vert.x-eventloop-thread-0]?[0;39m ?[36mio.antrex.udemy.vertx_stock_brocker.MainVerticle?[0;39m - Deployed RestApiVerticle with id 69ffd939-08b3-4539-b465-f49fa57d8bf5
?[33m21:05:06.503?[0;39m ?[34mINFO?[0;39m ?[32m[vert.x-eventloop-thread-4]?[0;39m ?[36mi.a.u.vertx_stock_brocker.quotes.GetQuoteHandler?[0;39m - Quotes context: /quotes/AAPL
?[33m21:05:06.527?[0;39m ?[34mINFO?[0;39m ?[32m[vert.x-eventloop-thread-4]?[0;39m ?[36mi.a.u.vertx_stock_brocker.quotes.GetQuoteHandler?[0;39m - Path /quotes/AAPL responds with {"asset":{"name":"AAPL"},"bid":69.45453175692957,"ask":73.94688540542619,"lastPrice":42.84243082541911,"volume":67.70966495882006}
?[33m21:05:06.530?[0;39m ?[34mINFO?[0;39m ?[32m[vert.x-eventloop-thread-6]?[0;39m ?[36mi.a.u.vertx_stock_brocker.quotes.TestQuotesRestApi?[0;39m - Response: {"asset":{"name":"AAPL"},"bid":69.45453175692957,"ask":73.94688540542619,"lastPrice":42.84243082541911,"volume":67.70966495882006}
]]></system-out>
  <system-err><![CDATA[]]></system-err>
</testsuite>
