<?xml version="1.0" encoding="UTF-8"?>
<testsuite name="io.antrex.udemy.vertx_stock_brocker.watchlist.TestWatchListRestApi" tests="2" skipped="0" failures="0" errors="0" timestamp="2021-08-14T16:05:06" hostname="antrexs-hp-probook" time="0.741">
  <properties/>
  <testcase name="adds_and_returns_watchlist_for_account(Vertx, VertxTestContext)" classname="io.antrex.udemy.vertx_stock_brocker.watchlist.TestWatchListRestApi" time="0.446"/>
  <testcase name="adds_and_deletes_watchlist_for_account(Vertx, VertxTestContext)" classname="io.antrex.udemy.vertx_stock_brocker.watchlist.TestWatchListRestApi" time="0.293"/>
  <system-out><![CDATA[?[33m21:05:06.603?[0;39m ?[31mWARN?[0;39m ?[32m[Test worker]?[0;39m ?[36mi.a.udemy.vertx_stock_brocker.AbstractRestApiTest?[0;39m - Tests are using local database !!!
?[33m21:05:06.609?[0;39m ?[39mDEBUG?[0;39m ?[32m[vert.x-eventloop-thread-1]?[0;39m ?[36mi.a.udemy.vertx_stock_brocker.config.ConfigLoader?[0;39m - Fetch configuration for ["SERVER_PORT","DB_HOST","DB_PORT","DB_DATABASE","DB_USER","DB_PASSWORD"]
?[33m21:05:06.634?[0;39m ?[34mINFO?[0;39m ?[32m[vert.x-eventloop-thread-1]?[0;39m ?[36mi.a.udemy.vertx_stock_brocker.VersionInfoVerticle?[0;39m - Current Application Version is: 1.0
?[33m21:05:06.634?[0;39m ?[34mINFO?[0;39m ?[32m[vert.x-eventloop-thread-0]?[0;39m ?[36mio.antrex.udemy.vertx_stock_brocker.MainVerticle?[0;39m - Deployed VersionInfoVerticle with id 351b182d-f8c3-464b-b0a5-f52679246633
?[33m21:05:06.636?[0;39m ?[39mDEBUG?[0;39m ?[32m[vert.x-eventloop-thread-0]?[0;39m ?[36mi.a.udemy.vertx_stock_brocker.config.ConfigLoader?[0;39m - Fetch configuration for ["SERVER_PORT","DB_HOST","DB_PORT","DB_DATABASE","DB_USER","DB_PASSWORD"]
?[33m21:05:06.656?[0;39m ?[39mDEBUG?[0;39m ?[32m[vert.x-eventloop-thread-0]?[0;39m ?[36mio.antrex.udemy.vertx_stock_brocker.MainVerticle?[0;39m - DB Config: DbConfig{host='localhost', port=5432, database='vertx-stock-broker', user='postgres', password=*****'}
?[33m21:05:06.658?[0;39m ?[39mDEBUG?[0;39m ?[32m[vert.x-worker-thread-1]?[0;39m ?[36mio.antrex.udemy.vertx_stock_brocker.MainVerticle?[0;39m - Migrating DB schema using jdbc url: jdbc:postgresql://localhost:5432/vertx-stock-broker
?[33m21:05:06.702?[0;39m ?[34mINFO?[0;39m ?[32m[vert.x-worker-thread-1]?[0;39m ?[36morg.flywaydb.core.internal.license.VersionPrinter?[0;39m - Flyway Community Edition 7.13.0 by Redgate
?[33m21:05:06.708?[0;39m ?[34mINFO?[0;39m ?[32m[vert.x-worker-thread-1]?[0;39m ?[36mo.f.core.internal.database.base.BaseDatabaseType?[0;39m - Database: jdbc:postgresql://localhost:5432/vertx-stock-broker (PostgreSQL 13.1)
?[33m21:05:06.744?[0;39m ?[34mINFO?[0;39m ?[32m[vert.x-worker-thread-1]?[0;39m ?[36mio.antrex.udemy.vertx_stock_brocker.MainVerticle?[0;39m - db schema is at version: 0.1
?[33m21:05:06.758?[0;39m ?[34mINFO?[0;39m ?[32m[vert.x-worker-thread-1]?[0;39m ?[36morg.flywaydb.core.internal.license.VersionPrinter?[0;39m - Flyway Community Edition 7.13.0 by Redgate
?[33m21:05:06.804?[0;39m ?[39mDEBUG?[0;39m ?[32m[vert.x-worker-thread-1]?[0;39m ?[36mio.antrex.udemy.vertx_stock_brocker.MainVerticle?[0;39m - Pending migrations are: []
?[33m21:05:06.817?[0;39m ?[34mINFO?[0;39m ?[32m[vert.x-worker-thread-1]?[0;39m ?[36morg.flywaydb.core.internal.license.VersionPrinter?[0;39m - Flyway Community Edition 7.13.0 by Redgate
?[33m21:05:06.841?[0;39m ?[34mINFO?[0;39m ?[32m[vert.x-worker-thread-1]?[0;39m ?[36morg.flywaydb.core.internal.command.DbValidate?[0;39m - Successfully validated 2 migrations (execution time 00:00.010s)
?[33m21:05:06.848?[0;39m ?[34mINFO?[0;39m ?[32m[vert.x-worker-thread-1]?[0;39m ?[36morg.flywaydb.core.internal.command.DbMigrate?[0;39m - Current version of schema "broker": 0.1
?[33m21:05:06.849?[0;39m ?[34mINFO?[0;39m ?[32m[vert.x-worker-thread-1]?[0;39m ?[36morg.flywaydb.core.internal.command.DbMigrate?[0;39m - Schema "broker" is up to date. No migration necessary.
?[33m21:05:06.853?[0;39m ?[34mINFO?[0;39m ?[32m[vert.x-eventloop-thread-0]?[0;39m ?[36mio.antrex.udemy.vertx_stock_brocker.MainVerticle?[0;39m - Migrated db schema to latest version!
?[33m21:05:06.855?[0;39m ?[39mDEBUG?[0;39m ?[32m[vert.x-eventloop-thread-2]?[0;39m ?[36mi.a.udemy.vertx_stock_brocker.config.ConfigLoader?[0;39m - Fetch configuration for ["SERVER_PORT","DB_HOST","DB_PORT","DB_DATABASE","DB_USER","DB_PASSWORD"]
?[33m21:05:06.860?[0;39m ?[39mDEBUG?[0;39m ?[32m[vert.x-eventloop-thread-3]?[0;39m ?[36mi.a.udemy.vertx_stock_brocker.config.ConfigLoader?[0;39m - Fetch configuration for ["SERVER_PORT","DB_HOST","DB_PORT","DB_DATABASE","DB_USER","DB_PASSWORD"]
?[33m21:05:06.871?[0;39m ?[39mDEBUG?[0;39m ?[32m[vert.x-eventloop-thread-5]?[0;39m ?[36mi.a.udemy.vertx_stock_brocker.config.ConfigLoader?[0;39m - Fetch configuration for ["SERVER_PORT","DB_HOST","DB_PORT","DB_DATABASE","DB_USER","DB_PASSWORD"]
?[33m21:05:06.871?[0;39m ?[39mDEBUG?[0;39m ?[32m[vert.x-eventloop-thread-4]?[0;39m ?[36mi.a.udemy.vertx_stock_brocker.config.ConfigLoader?[0;39m - Fetch configuration for ["SERVER_PORT","DB_HOST","DB_PORT","DB_DATABASE","DB_USER","DB_PASSWORD"]
?[33m21:05:06.880?[0;39m ?[34mINFO?[0;39m ?[32m[vert.x-eventloop-thread-2]?[0;39m ?[36mi.antrex.udemy.vertx_stock_brocker.RestApiVerticle?[0;39m - Retrieved configuration: BrokerConfig(serverPort=9000, version=1.0, dbConfig=DbConfig{host='localhost', port=5432, database='vertx-stock-broker', user='postgres', password=*****'})
?[33m21:05:06.894?[0;39m ?[34mINFO?[0;39m ?[32m[vert.x-eventloop-thread-3]?[0;39m ?[36mi.antrex.udemy.vertx_stock_brocker.RestApiVerticle?[0;39m - Retrieved configuration: BrokerConfig(serverPort=9000, version=1.0, dbConfig=DbConfig{host='localhost', port=5432, database='vertx-stock-broker', user='postgres', password=*****'})
?[33m21:05:06.908?[0;39m ?[34mINFO?[0;39m ?[32m[vert.x-eventloop-thread-3]?[0;39m ?[36mi.antrex.udemy.vertx_stock_brocker.RestApiVerticle?[0;39m - HTTP server started on port 9000
?[33m21:05:06.908?[0;39m ?[34mINFO?[0;39m ?[32m[vert.x-eventloop-thread-2]?[0;39m ?[36mi.antrex.udemy.vertx_stock_brocker.RestApiVerticle?[0;39m - HTTP server started on port 9000
?[33m21:05:06.908?[0;39m ?[34mINFO?[0;39m ?[32m[vert.x-eventloop-thread-5]?[0;39m ?[36mi.antrex.udemy.vertx_stock_brocker.RestApiVerticle?[0;39m - Retrieved configuration: BrokerConfig(serverPort=9000, version=1.0, dbConfig=DbConfig{host='localhost', port=5432, database='vertx-stock-broker', user='postgres', password=*****'})
?[33m21:05:06.912?[0;39m ?[34mINFO?[0;39m ?[32m[vert.x-eventloop-thread-4]?[0;39m ?[36mi.antrex.udemy.vertx_stock_brocker.RestApiVerticle?[0;39m - Retrieved configuration: BrokerConfig(serverPort=9000, version=1.0, dbConfig=DbConfig{host='localhost', port=5432, database='vertx-stock-broker', user='postgres', password=*****'})
?[33m21:05:06.916?[0;39m ?[34mINFO?[0;39m ?[32m[vert.x-eventloop-thread-5]?[0;39m ?[36mi.antrex.udemy.vertx_stock_brocker.RestApiVerticle?[0;39m - HTTP server started on port 9000
?[33m21:05:06.916?[0;39m ?[34mINFO?[0;39m ?[32m[vert.x-eventloop-thread-4]?[0;39m ?[36mi.antrex.udemy.vertx_stock_brocker.RestApiVerticle?[0;39m - HTTP server started on port 9000
?[33m21:05:06.916?[0;39m ?[34mINFO?[0;39m ?[32m[vert.x-eventloop-thread-0]?[0;39m ?[36mio.antrex.udemy.vertx_stock_brocker.MainVerticle?[0;39m - Deployed RestApiVerticle with id 0391cd06-9d34-4054-b8f3-3a3ed37afff8
?[33m21:05:06.961?[0;39m ?[39mDEBUG?[0;39m ?[32m[vert.x-eventloop-thread-2]?[0;39m ?[36mi.a.u.v.watchlist.WatchListRestApi?[0;39m - /account/watchlist/0a586ed2-13fb-4817-bff8-b1eb57da87eb for account 0a586ed2-13fb-4817-bff8-b1eb57da87eb
?[33m21:05:07.003?[0;39m ?[34mINFO?[0;39m ?[32m[vert.x-eventloop-thread-6]?[0;39m ?[36mi.a.u.v.watchlist.TestWatchListRestApi?[0;39m - Response: {"assets":[{"name":"AMZN"},{"name":"TSLA"}]}
?[33m21:05:07.008?[0;39m ?[39mDEBUG?[0;39m ?[32m[vert.x-eventloop-thread-2]?[0;39m ?[36mi.a.u.v.watchlist.WatchListRestApi?[0;39m - /account/watchlist/0a586ed2-13fb-4817-bff8-b1eb57da87eb for account 0a586ed2-13fb-4817-bff8-b1eb57da87eb
?[33m21:05:07.013?[0;39m ?[34mINFO?[0;39m ?[32m[vert.x-eventloop-thread-6]?[0;39m ?[36mi.a.u.v.watchlist.TestWatchListRestApi?[0;39m - Response: {"assets":[{"name":"AMZN"},{"name":"TSLA"}]}
?[33m21:05:07.043?[0;39m ?[31mWARN?[0;39m ?[32m[Test worker]?[0;39m ?[36mi.a.udemy.vertx_stock_brocker.AbstractRestApiTest?[0;39m - Tests are using local database !!!
?[33m21:05:07.044?[0;39m ?[39mDEBUG?[0;39m ?[32m[vert.x-eventloop-thread-1]?[0;39m ?[36mi.a.udemy.vertx_stock_brocker.config.ConfigLoader?[0;39m - Fetch configuration for ["SERVER_PORT","DB_HOST","DB_PORT","DB_DATABASE","DB_USER","DB_PASSWORD"]
?[33m21:05:07.055?[0;39m ?[34mINFO?[0;39m ?[32m[vert.x-eventloop-thread-1]?[0;39m ?[36mi.a.udemy.vertx_stock_brocker.VersionInfoVerticle?[0;39m - Current Application Version is: 1.0
?[33m21:05:07.062?[0;39m ?[34mINFO?[0;39m ?[32m[vert.x-eventloop-thread-0]?[0;39m ?[36mio.antrex.udemy.vertx_stock_brocker.MainVerticle?[0;39m - Deployed VersionInfoVerticle with id 9180491c-4358-4f51-baa0-cd93ec7efe95
?[33m21:05:07.063?[0;39m ?[39mDEBUG?[0;39m ?[32m[vert.x-eventloop-thread-0]?[0;39m ?[36mi.a.udemy.vertx_stock_brocker.config.ConfigLoader?[0;39m - Fetch configuration for ["SERVER_PORT","DB_HOST","DB_PORT","DB_DATABASE","DB_USER","DB_PASSWORD"]
?[33m21:05:07.075?[0;39m ?[39mDEBUG?[0;39m ?[32m[vert.x-eventloop-thread-0]?[0;39m ?[36mio.antrex.udemy.vertx_stock_brocker.MainVerticle?[0;39m - DB Config: DbConfig{host='localhost', port=5432, database='vertx-stock-broker', user='postgres', password=*****'}
?[33m21:05:07.080?[0;39m ?[39mDEBUG?[0;39m ?[32m[vert.x-worker-thread-2]?[0;39m ?[36mio.antrex.udemy.vertx_stock_brocker.MainVerticle?[0;39m - Migrating DB schema using jdbc url: jdbc:postgresql://localhost:5432/vertx-stock-broker
?[33m21:05:07.092?[0;39m ?[34mINFO?[0;39m ?[32m[vert.x-worker-thread-2]?[0;39m ?[36morg.flywaydb.core.internal.license.VersionPrinter?[0;39m - Flyway Community Edition 7.13.0 by Redgate
?[33m21:05:07.093?[0;39m ?[34mINFO?[0;39m ?[32m[vert.x-worker-thread-2]?[0;39m ?[36mo.f.core.internal.database.base.BaseDatabaseType?[0;39m - Database: jdbc:postgresql://localhost:5432/vertx-stock-broker (PostgreSQL 13.1)
?[33m21:05:07.122?[0;39m ?[34mINFO?[0;39m ?[32m[vert.x-worker-thread-2]?[0;39m ?[36mio.antrex.udemy.vertx_stock_brocker.MainVerticle?[0;39m - db schema is at version: 0.1
?[33m21:05:07.161?[0;39m ?[34mINFO?[0;39m ?[32m[vert.x-worker-thread-2]?[0;39m ?[36morg.flywaydb.core.internal.license.VersionPrinter?[0;39m - Flyway Community Edition 7.13.0 by Redgate
?[33m21:05:07.197?[0;39m ?[39mDEBUG?[0;39m ?[32m[vert.x-worker-thread-2]?[0;39m ?[36mio.antrex.udemy.vertx_stock_brocker.MainVerticle?[0;39m - Pending migrations are: []
?[33m21:05:07.213?[0;39m ?[34mINFO?[0;39m ?[32m[vert.x-worker-thread-2]?[0;39m ?[36morg.flywaydb.core.internal.license.VersionPrinter?[0;39m - Flyway Community Edition 7.13.0 by Redgate
?[33m21:05:07.229?[0;39m ?[34mINFO?[0;39m ?[32m[vert.x-worker-thread-2]?[0;39m ?[36morg.flywaydb.core.internal.command.DbValidate?[0;39m - Successfully validated 2 migrations (execution time 00:00.009s)
?[33m21:05:07.237?[0;39m ?[34mINFO?[0;39m ?[32m[vert.x-worker-thread-2]?[0;39m ?[36morg.flywaydb.core.internal.command.DbMigrate?[0;39m - Current version of schema "broker": 0.1
?[33m21:05:07.238?[0;39m ?[34mINFO?[0;39m ?[32m[vert.x-worker-thread-2]?[0;39m ?[36morg.flywaydb.core.internal.command.DbMigrate?[0;39m - Schema "broker" is up to date. No migration necessary.
?[33m21:05:07.241?[0;39m ?[34mINFO?[0;39m ?[32m[vert.x-eventloop-thread-0]?[0;39m ?[36mio.antrex.udemy.vertx_stock_brocker.MainVerticle?[0;39m - Migrated db schema to latest version!
?[33m21:05:07.244?[0;39m ?[39mDEBUG?[0;39m ?[32m[vert.x-eventloop-thread-2]?[0;39m ?[36mi.a.udemy.vertx_stock_brocker.config.ConfigLoader?[0;39m - Fetch configuration for ["SERVER_PORT","DB_HOST","DB_PORT","DB_DATABASE","DB_USER","DB_PASSWORD"]
?[33m21:05:07.256?[0;39m ?[39mDEBUG?[0;39m ?[32m[vert.x-eventloop-thread-3]?[0;39m ?[36mi.a.udemy.vertx_stock_brocker.config.ConfigLoader?[0;39m - Fetch configuration for ["SERVER_PORT","DB_HOST","DB_PORT","DB_DATABASE","DB_USER","DB_PASSWORD"]
?[33m21:05:07.261?[0;39m ?[39mDEBUG?[0;39m ?[32m[vert.x-eventloop-thread-4]?[0;39m ?[36mi.a.udemy.vertx_stock_brocker.config.ConfigLoader?[0;39m - Fetch configuration for ["SERVER_PORT","DB_HOST","DB_PORT","DB_DATABASE","DB_USER","DB_PASSWORD"]
?[33m21:05:07.272?[0;39m ?[39mDEBUG?[0;39m ?[32m[vert.x-eventloop-thread-5]?[0;39m ?[36mi.a.udemy.vertx_stock_brocker.config.ConfigLoader?[0;39m - Fetch configuration for ["SERVER_PORT","DB_HOST","DB_PORT","DB_DATABASE","DB_USER","DB_PASSWORD"]
?[33m21:05:07.281?[0;39m ?[34mINFO?[0;39m ?[32m[vert.x-eventloop-thread-2]?[0;39m ?[36mi.antrex.udemy.vertx_stock_brocker.RestApiVerticle?[0;39m - Retrieved configuration: BrokerConfig(serverPort=9000, version=1.0, dbConfig=DbConfig{host='localhost', port=5432, database='vertx-stock-broker', user='postgres', password=*****'})
?[33m21:05:07.281?[0;39m ?[34mINFO?[0;39m ?[32m[vert.x-eventloop-thread-3]?[0;39m ?[36mi.antrex.udemy.vertx_stock_brocker.RestApiVerticle?[0;39m - Retrieved configuration: BrokerConfig(serverPort=9000, version=1.0, dbConfig=DbConfig{host='localhost', port=5432, database='vertx-stock-broker', user='postgres', password=*****'})
?[33m21:05:07.288?[0;39m ?[34mINFO?[0;39m ?[32m[vert.x-eventloop-thread-4]?[0;39m ?[36mi.antrex.udemy.vertx_stock_brocker.RestApiVerticle?[0;39m - Retrieved configuration: BrokerConfig(serverPort=9000, version=1.0, dbConfig=DbConfig{host='localhost', port=5432, database='vertx-stock-broker', user='postgres', password=*****'})
?[33m21:05:07.289?[0;39m ?[34mINFO?[0;39m ?[32m[vert.x-eventloop-thread-3]?[0;39m ?[36mi.antrex.udemy.vertx_stock_brocker.RestApiVerticle?[0;39m - HTTP server started on port 9000
?[33m21:05:07.291?[0;39m ?[34mINFO?[0;39m ?[32m[vert.x-eventloop-thread-4]?[0;39m ?[36mi.antrex.udemy.vertx_stock_brocker.RestApiVerticle?[0;39m - HTTP server started on port 9000
?[33m21:05:07.296?[0;39m ?[34mINFO?[0;39m ?[32m[vert.x-eventloop-thread-5]?[0;39m ?[36mi.antrex.udemy.vertx_stock_brocker.RestApiVerticle?[0;39m - Retrieved configuration: BrokerConfig(serverPort=9000, version=1.0, dbConfig=DbConfig{host='localhost', port=5432, database='vertx-stock-broker', user='postgres', password=*****'})
?[33m21:05:07.297?[0;39m ?[34mINFO?[0;39m ?[32m[vert.x-eventloop-thread-2]?[0;39m ?[36mi.antrex.udemy.vertx_stock_brocker.RestApiVerticle?[0;39m - HTTP server started on port 9000
?[33m21:05:07.300?[0;39m ?[34mINFO?[0;39m ?[32m[vert.x-eventloop-thread-5]?[0;39m ?[36mi.antrex.udemy.vertx_stock_brocker.RestApiVerticle?[0;39m - HTTP server started on port 9000
?[33m21:05:07.301?[0;39m ?[34mINFO?[0;39m ?[32m[vert.x-eventloop-thread-0]?[0;39m ?[36mio.antrex.udemy.vertx_stock_brocker.MainVerticle?[0;39m - Deployed RestApiVerticle with id 3eea7e36-ba53-4c55-b831-52af021dc549
?[33m21:05:07.312?[0;39m ?[39mDEBUG?[0;39m ?[32m[vert.x-eventloop-thread-3]?[0;39m ?[36mi.a.u.v.watchlist.WatchListRestApi?[0;39m - /account/watchlist/d2804294-4922-4441-b48b-d5e0d513cfec for account d2804294-4922-4441-b48b-d5e0d513cfec
?[33m21:05:07.315?[0;39m ?[34mINFO?[0;39m ?[32m[vert.x-eventloop-thread-6]?[0;39m ?[36mi.a.u.v.watchlist.TestWatchListRestApi?[0;39m - Response: {"assets":[{"name":"AMZN"},{"name":"TSLA"}]}
?[33m21:05:07.317?[0;39m ?[39mDEBUG?[0;39m ?[32m[vert.x-eventloop-thread-3]?[0;39m ?[36mi.a.u.v.watchlist.WatchListRestApi?[0;39m - /account/watchlist/d2804294-4922-4441-b48b-d5e0d513cfec for account d2804294-4922-4441-b48b-d5e0d513cfec
?[33m21:05:07.319?[0;39m ?[34mINFO?[0;39m ?[32m[vert.x-eventloop-thread-6]?[0;39m ?[36mi.a.u.v.watchlist.TestWatchListRestApi?[0;39m - Response: {"assets":[{"name":"AMZN"},{"name":"TSLA"}]}
]]></system-out>
  <system-err><![CDATA[]]></system-err>
</testsuite>
